[2023-03-24 18:47:36][notice] 分享新用户事件触发
[2023-03-24 18:48:13][notice] 分享新用户事件触发
[2023-03-24 18:48:55][notice] 分享新用户事件触发
[2023-03-24 18:48:56][notice] 分享新用户事件触发
[2023-03-24 18:48:57][notice] 分享新用户事件触发
[2023-03-24 18:49:22][notice] 分享新用户事件触发
[2023-03-24 18:49:23][notice] 分享新用户事件触发
[2023-03-24 18:49:23][notice] 分享新用户事件触发
[2023-03-24 18:49:24][notice] 分享新用户事件触发
[2023-03-24 18:49:24][notice] 分享新用户事件触发
[2023-03-24 18:49:49][notice] 分享新用户事件触发
[2023-03-24 18:51:18][notice] 分享新用户事件触发
[2023-03-24 18:51:33][notice] 分享新用户事件触发
[2023-03-24 18:51:42][notice] 分享新用户事件触发
[2023-03-24 18:51:43][notice] 分享新用户事件触发
[2023-03-24 18:52:24][notice] 分享新用户事件触发
[2023-03-24 18:53:15][notice] 分享新用户事件触发
[2023-03-24 18:53:26][notice] 分享新用户事件触发
[2023-03-24 18:54:03][notice] 分享新用户事件触发
[2023-03-24 18:54:03][notice] 分享新用户事件触发
[2023-03-28 11:22:25][notice] 分享新用户事件触发
[2023-03-28 11:23:54][notice] 分享新用户事件触发
[2023-03-28 11:32:29][notice] 分享新用户事件触发
[2023-04-06 12:03:18][notice] 订单 37 更改状态入库中
[2023-04-06 12:03:32][notice] 订单 37 更改状态清洗中
[2023-04-06 12:10:08][notice] 订单 37 更改状态运输中
[2023-04-06 12:10:25][notice] 订单 33 更改状态入库中
[2023-04-06 12:12:13][notice] 订单 33 更改状态清洗中
[2023-04-06 17:35:40][notice] 订单 33 更改状态运输中
[2023-04-07 15:51:28][notice] 订单 37 更改状态入库中
[2023-04-07 15:53:48][notice] 订单 37 更改状态退回给客户
[2023-04-07 16:01:32][notice] 订单 37 更改状态退回给客户
[2023-04-07 17:09:07][notice] 订单 37 更改状态退回给客户
[2023-04-07 17:15:14][notice] 订单 37 更改状态退回给客户
[2023-04-07 17:30:21][notice] 订单 37 更改状态入库中
[2023-04-07 17:34:35][notice] 订单 37 更改状态退回给客户
[2023-04-07 17:48:29][notice] 订单 37 更改状态退回给客户
[2023-04-07 17:51:02][notice] 订单 37 更改状态退回给客户
[2023-04-07 18:11:18][notice] 订单 37 更改状态退回给客户
[2023-04-07 18:13:27][notice] 订单 37 更改状态退回给客户
[2023-04-09 11:45:12][notice] 订单 39 更改状态退回给客户
[2023-04-09 11:51:50][notice] 订单 39 更改状态退回给客户
[2023-04-09 11:55:29][notice] 订单 39 更改状态退回给客户
[2023-04-09 12:07:46][notice] 订单 39 更改状态退回给客户
[2023-04-09 14:19:52][notice] 订单 39 更改状态入库中
[2023-04-09 14:24:22][notice] 订单 39 更改状态退回给客户
[2023-04-09 14:46:46][notice] 订单 39 更改状态清洗中
[2023-04-09 14:47:10][notice] 订单 39 更改状态运输中
[2023-04-09 15:08:03][notice] 订单 39 更改状态退回给客户
[2023-04-09 15:15:38][notice] 订单 39 更改状态退回给客户
[2023-04-09 15:17:41][notice] 订单 39 更改状态退回给客户
[2023-04-09 15:19:37][notice] 订单 39 更改状态退回给客户
[2023-04-09 15:23:12][notice] 订单 39 更改状态退回给客户
[2023-04-09 15:29:05][notice] 订单 39 更改状态入库中
[2023-04-09 15:29:12][notice] 订单 39 更改状态清洗中
[2023-04-09 15:29:24][notice] 订单 39 更改状态运输中
[2023-04-10 17:52:48][notice] 订单 16 更改状态清洗中
[2023-04-10 17:53:32][notice] 订单 16 更改状态运输中
[2023-06-01 09:31:56][notice] 分享新用户事件触发
[2023-06-01 09:33:25][notice] 分享新用户事件触发
[2023-06-01 09:37:47][notice] 分享新用户事件触发
[2023-06-01 09:37:48][notice] 分享新用户事件触发
